dida_demo/build/outputs/logs/manifest-merger-debug-report.txt
-- Merging decision tree log ---
manifest
ADDED from src\main\AndroidManifest.xml:2:1-411:12
	package
		ADDED from src\main\AndroidManifest.xml:3:5-29
		INJECTED from src\main\AndroidManifest.xml
		INJECTED from src\main\AndroidManifest.xml
	android:versionName
		ADDED from src\main\AndroidManifest.xml:5:5-33
	android:versionCode
		ADDED from src\main\AndroidManifest.xml:4:5-28
		INJECTED from src\main\AndroidManifest.xml
		INJECTED from src\main\AndroidManifest.xml
	xmlns:android
		ADDED from src\main\AndroidManifest.xml:2:11-69
uses-sdk
ADDED from src\main\AndroidManifest.xml:8:5-10:41
MERGED from [DidaDemoAS:xutillibrary:unspecified] AndroidManifest.xml:7:5-9:41
MERGED from [DidaDemoAS:iMKit:unspecified] AndroidManifest.xml:5:5-7:41
MERGED from [DidaDemoAS:image_loader_library:unspecified] AndroidManifest.xml:7:5-9:41
MERGED from [DidaDemoAS:pulltopushlibrary:unspecified] AndroidManifest.xml:7:5-9:40
MERGED from [DidaDemoAS:iconlibrary:unspecified] AndroidManifest.xml:7:5-9:41
MERGED from [com.android.support:cardview-v7:23.1.1] AndroidManifest.xml:20:5-43
MERGED from [com.android.support:appcompat-v7:23.1.1] AndroidManifest.xml:20:5-43
MERGED from [com.android.support:support-v4:23.1.1] AndroidManifest.xml:20:5-43
MERGED from [com.android.support:design:23.1.1] AndroidManifest.xml:20:5-43
MERGED from [com.android.support:appcompat-v7:23.1.1] AndroidManifest.xml:20:5-43
MERGED from [com.android.support:support-v4:23.1.1] AndroidManifest.xml:20:5-43
MERGED from [com.android.support:recyclerview-v7:23.1.1] AndroidManifest.xml:20:5-43
MERGED from [com.android.support:support-v4:23.1.1] AndroidManifest.xml:20:5-43
MERGED from [com.android.support:support-v4:23.1.1] AndroidManifest.xml:20:5-43
MERGED from [com.android.support:support-v4:23.1.1] AndroidManifest.xml:20:5-43
MERGED from [DidaDemoAS:loadlibrary:unspecified] AndroidManifest.xml:7:5-9:41
MERGED from [com.android.support:appcompat-v7:23.1.1] AndroidManifest.xml:20:5-43
MERGED from [com.android.support:support-v4:23.1.1] AndroidManifest.xml:20:5-43
MERGED from [com.facebook.fresco:fresco:0.8.1] AndroidManifest.xml:5:5-7:41
MERGED from [com.facebook.fresco:imagepipeline:0.8.1] AndroidManifest.xml:5:5-7:41
MERGED from [com.facebook.fresco:fbcore:0.8.1] AndroidManifest.xml:5:5-7:41
MERGED from [com.android.support:support-v4:23.1.1] AndroidManifest.xml:20:5-43
MERGED from [com.facebook.fresco:fbcore:0.8.1] AndroidManifest.xml:5:5-7:41
MERGED from [com.facebook.fresco:drawee:0.8.1] AndroidManifest.xml:5:5-7:41
MERGED from [com.facebook.fresco:fbcore:0.8.1] AndroidManifest.xml:5:5-7:41
MERGED from [com.android.support:support-v4:23.1.1] AndroidManifest.xml:20:5-43
MERGED from [com.zhy:okhttputils:2.0.3] AndroidManifest.xml:7:5-9:41
MERGED from [com.google.android.gms:play-services-appindexing:8.1.0] AndroidManifest.xml:18:5-42
MERGED from [com.google.android.gms:play-services-basement:8.1.0] AndroidManifest.xml:18:5-42
MERGED from [com.android.support:support-v4:23.1.1] AndroidManifest.xml:20:5-43
	android:targetSdkVersion
		ADDED from src\main\AndroidManifest.xml:10:9-38
		INJECTED from src\main\AndroidManifest.xml
		INJECTED from src\main\AndroidManifest.xml
	android:minSdkVersion
		ADDED from src\main\AndroidManifest.xml:9:9-35
		INJECTED from src\main\AndroidManifest.xml
		INJECTED from src\main\AndroidManifest.xml
uses-permission#android.permission.INTERNET
ADDED from src\main\AndroidManifest.xml:12:5-67
MERGED from [DidaDemoAS:iMKit:unspecified] AndroidManifest.xml:10:5-67
MERGED from [com.zhy:okhttputils:2.0.3] AndroidManifest.xml:11:5-67
	android:name
		ADDED from src\main\AndroidManifest.xml:12:22-64
uses-permission#android.permission.CAMERA
ADDED from src\main\AndroidManifest.xml:13:5-65
MERGED from [DidaDemoAS:iMKit:unspecified] AndroidManifest.xml:21:5-65
	android:name
		ADDED from src\main\AndroidManifest.xml:13:22-62
uses-permission#android.permission.WRITE_EXTERNAL_STORAGE
ADDED from src\main\AndroidManifest.xml:14:5-81
MERGED from [DidaDemoAS:iMKit:unspecified] AndroidManifest.xml:9:5-81
MERGED from [com.zhy:okhttputils:2.0.3] AndroidManifest.xml:12:5-81
	android:name
		ADDED from src\main\AndroidManifest.xml:14:22-78
uses-permission#android.permission.MOUNT_UNMOUNT_FILESYSTEMS
ADDED from src\main\AndroidManifest.xml:15:5-84
	android:name
		ADDED from src\main\AndroidManifest.xml:15:22-81
uses-permission#android.permission.ACCESS_NETWORK_STATE
ADDED from src\main\AndroidManifest.xml:16:5-79
MERGED from [DidaDemoAS:iMKit:unspecified] AndroidManifest.xml:20:5-79
	android:name
		ADDED from src\main\AndroidManifest.xml:16:22-76
uses-permission#android.permission.ACCESS_COARSE_LOCATION
ADDED from src\main\AndroidManifest.xml:20:5-81
MERGED from [DidaDemoAS:iMKit:unspecified] AndroidManifest.xml:11:5-81
	android:name
		ADDED from src\main\AndroidManifest.xml:20:22-78
uses-permission#android.permission.READ_PHONE_STATE
ADDED from src\main\AndroidManifest.xml:22:5-75
MERGED from [DidaDemoAS:iMKit:unspecified] AndroidManifest.xml:13:5-75
	android:name
		ADDED from src\main\AndroidManifest.xml:22:22-72
uses-permission#android.permission.GET_TASKS
ADDED from src\main\AndroidManifest.xml:23:5-68
MERGED from [DidaDemoAS:iMKit:unspecified] AndroidManifest.xml:14:5-68
	android:name
		ADDED from src\main\AndroidManifest.xml:23:22-65
uses-permission#android.permission.INTERACT_ACROSS_USERS_FULL
ADDED from src\main\AndroidManifest.xml:24:5-85
MERGED from [DidaDemoAS:iMKit:unspecified] AndroidManifest.xml:15:5-85
	android:name
		ADDED from src\main\AndroidManifest.xml:24:22-82
uses-permission#android.permission.ACCESS_WIFI_STATE
ADDED from src\main\AndroidManifest.xml:26:5-76
MERGED from [DidaDemoAS:iMKit:unspecified] AndroidManifest.xml:18:5-76
	android:name
		ADDED from src\main\AndroidManifest.xml:26:22-73
uses-permission#android.permission.RECORD_AUDIO
ADDED from src\main\AndroidManifest.xml:31:5-71
MERGED from [DidaDemoAS:iMKit:unspecified] AndroidManifest.xml:23:5-71
	android:name
		ADDED from src\main\AndroidManifest.xml:31:22-68
uses-permission#android.permission.VIBRATE
ADDED from src\main\AndroidManifest.xml:33:5-66
MERGED from [DidaDemoAS:iMKit:unspecified] AndroidManifest.xml:25:5-66
	android:name
		ADDED from src\main\AndroidManifest.xml:33:22-63
uses-permission#android.permission.WAKE_LOCK
ADDED from src\main\AndroidManifest.xml:35:5-68
MERGED from [DidaDemoAS:iMKit:unspecified] AndroidManifest.xml:27:5-68
	android:name
		ADDED from src\main\AndroidManifest.xml:35:22-65
uses-permission#android.permission.WRITE_SETTINGS
ADDED from src\main\AndroidManifest.xml:36:5-73
MERGED from [DidaDemoAS:iMKit:unspecified] AndroidManifest.xml:28:5-73
	android:name
		ADDED from src\main\AndroidManifest.xml:36:22-70
uses-permission#android.permission.MODIFY_AUDIO_SETTINGS
ADDED from src\main\AndroidManifest.xml:37:5-80
MERGED from [DidaDemoAS:iMKit:unspecified] AndroidManifest.xml:29:5-80
	android:name
		ADDED from src\main\AndroidManifest.xml:37:22-77
uses-permission#android.permission.CALL_PHONE
ADDED from src\main\AndroidManifest.xml:38:5-69
	android:name
		ADDED from src\main\AndroidManifest.xml:38:22-66
application
ADDED from src\main\AndroidManifest.xml:40:5-409:19
MERGED from [DidaDemoAS:xutillibrary:unspecified] AndroidManifest.xml:11:5-20
MERGED from [DidaDemoAS:iMKit:unspecified] AndroidManifest.xml:31:5-35:19
MERGED from [DidaDemoAS:pulltopushlibrary:unspecified] AndroidManifest.xml:11:5-20
MERGED from [DidaDemoAS:iconlibrary:unspecified] AndroidManifest.xml:11:5-16:19
MERGED from [com.android.support:cardview-v7:23.1.1] AndroidManifest.xml:22:5-20
MERGED from [com.android.support:appcompat-v7:23.1.1] AndroidManifest.xml:22:5-20
MERGED from [com.android.support:support-v4:23.1.1] AndroidManifest.xml:22:5-20
MERGED from [com.android.support:design:23.1.1] AndroidManifest.xml:22:5-20
MERGED from [com.android.support:appcompat-v7:23.1.1] AndroidManifest.xml:22:5-20
MERGED from [com.android.support:support-v4:23.1.1] AndroidManifest.xml:22:5-20
MERGED from [com.android.support:support-v4:23.1.1] AndroidManifest.xml:22:5-20
MERGED from [com.android.support:support-v4:23.1.1] AndroidManifest.xml:22:5-20
MERGED from [com.android.support:support-v4:23.1.1] AndroidManifest.xml:22:5-20
MERGED from [DidaDemoAS:loadlibrary:unspecified] AndroidManifest.xml:11:5-12:19
MERGED from [com.android.support:appcompat-v7:23.1.1] AndroidManifest.xml:22:5-20
MERGED from [com.android.support:support-v4:23.1.1] AndroidManifest.xml:22:5-20
MERGED from [com.android.support:support-v4:23.1.1] AndroidManifest.xml:22:5-20
MERGED from [com.android.support:support-v4:23.1.1] AndroidManifest.xml:22:5-20
MERGED from [com.zhy:okhttputils:2.0.3] AndroidManifest.xml:14:5-17:19
MERGED from [com.google.android.gms:play-services-appindexing:8.1.0] AndroidManifest.xml:19:5-20
MERGED from [com.google.android.gms:play-services-basement:8.1.0] AndroidManifest.xml:20:5-24:19
MERGED from [com.android.support:support-v4:23.1.1] AndroidManifest.xml:22:5-20
	android:screenOrientation
		ADDED from src\main\AndroidManifest.xml:46:9-45
	android:label
		ADDED from src\main\AndroidManifest.xml:45:9-41
	android:hardwareAccelerated
		ADDED from src\main\AndroidManifest.xml:41:9-43
	android:allowBackup
		ADDED from src\main\AndroidManifest.xml:43:9-35
	android:icon
		ADDED from src\main\AndroidManifest.xml:44:9-45
	android:theme
		ADDED from src\main\AndroidManifest.xml:47:9-40
	android:name
		ADDED from src\main\AndroidManifest.xml:42:9-54
activity#com.dida.first.activity.MainActivity
ADDED from src\main\AndroidManifest.xml:48:9-59:20
	android:screenOrientation
		ADDED from src\main\AndroidManifest.xml:53:13-49
	android:label
		ADDED from src\main\AndroidManifest.xml:51:13-45
	android:hardwareAccelerated
		ADDED from src\main\AndroidManifest.xml:49:13-47
	android:launchMode
		ADDED from src\main\AndroidManifest.xml:52:13-42
	android:name
		ADDED from src\main\AndroidManifest.xml:50:13-64
intent-filter#android.intent.action.MAIN+android.intent.category.LAUNCHER
ADDED from src\main\AndroidManifest.xml:54:13-58:29
action#android.intent.action.MAIN
ADDED from src\main\AndroidManifest.xml:55:17-69
	android:name
		ADDED from src\main\AndroidManifest.xml:55:25-66
category#android.intent.category.LAUNCHER
ADDED from src\main\AndroidManifest.xml:57:17-77
	android:name
		ADDED from src\main\AndroidManifest.xml:57:27-74
activity#com.dida.first.activity.GrouupBuyOrderActivity
ADDED from src\main\AndroidManifest.xml:60:9-83
	android:name
		ADDED from src\main\AndroidManifest.xml:60:19-80
activity#com.dida.first.activity.AAOrderActivity
ADDED from src\main\AndroidManifest.xml:61:9-63:52
	android:screenOrientation
		ADDED from src\main\AndroidManifest.xml:63:13-49
	android:name
		ADDED from src\main\AndroidManifest.xml:62:13-67
activity#com.dida.first.activity.LeftMyOrderActivity
ADDED from src\main\AndroidManifest.xml:68:9-70:52
	android:screenOrientation
		ADDED from src\main\AndroidManifest.xml:70:13-49
	android:name
		ADDED from src\main\AndroidManifest.xml:69:13-71
activity#com.dida.first.activity.LeftMyFavoriteActivity
ADDED from src\main\AndroidManifest.xml:71:9-73:52
	android:screenOrientation
		ADDED from src\main\AndroidManifest.xml:73:13-49
	android:name
		ADDED from src\main\AndroidManifest.xml:72:13-74
activity#com.dida.first.activity.BuyActivity
ADDED from src\main\AndroidManifest.xml:74:9-77:52
	android:screenOrientation
		ADDED from src\main\AndroidManifest.xml:77:13-49
	android:launchMode
		ADDED from src\main\AndroidManifest.xml:76:13-44
	android:name
		ADDED from src\main\AndroidManifest.xml:75:13-63
activity#com.dida.first.selectmore.view.ImageBucketChooseActivity
ADDED from src\main\AndroidManifest.xml:78:9-81:52
	android:screenOrientation
		ADDED from src\main\AndroidManifest.xml:81:13-49
	android:launchMode
		ADDED from src\main\AndroidManifest.xml:80:13-44
	android:name
		ADDED from src\main\AndroidManifest.xml:79:13-84
activity#com.dida.first.selectmore.view.ImageChooseActivity
ADDED from src\main\AndroidManifest.xml:82:9-85:52
	android:screenOrientation
		ADDED from src\main\AndroidManifest.xml:85:13-49
	android:launchMode
		ADDED from src\main\AndroidManifest.xml:84:13-44
	android:name
		ADDED from src\main\AndroidManifest.xml:83:13-78
activity#com.dida.first.selectmore.view.ImageZoomActivity
ADDED from src\main\AndroidManifest.xml:86:9-89:52
	android:screenOrientation
		ADDED from src\main\AndroidManifest.xml:89:13-49
	android:launchMode
		ADDED from src\main\AndroidManifest.xml:88:13-44
	android:name
		ADDED from src\main\AndroidManifest.xml:87:13-76
activity#com.dida.first.activity.LoginActivity
ADDED from src\main\AndroidManifest.xml:90:9-93:52
	android:screenOrientation
		ADDED from src\main\AndroidManifest.xml:93:13-49
	android:launchMode
		ADDED from src\main\AndroidManifest.xml:92:13-44
	android:name
		ADDED from src\main\AndroidManifest.xml:91:13-65
activity#com.dida.first.activity.RegisterActivity
ADDED from src\main\AndroidManifest.xml:94:9-97:52
	android:screenOrientation
		ADDED from src\main\AndroidManifest.xml:97:13-49
	android:launchMode
		ADDED from src\main\AndroidManifest.xml:96:13-44
	android:name
		ADDED from src\main\AndroidManifest.xml:95:13-68
activity#com.dida.first.activity.NameActivity
ADDED from src\main\AndroidManifest.xml:98:9-101:52
	android:screenOrientation
		ADDED from src\main\AndroidManifest.xml:101:13-49
	android:launchMode
		ADDED from src\main\AndroidManifest.xml:100:13-44
	android:name
		ADDED from src\main\AndroidManifest.xml:99:13-64
activity#com.dida.first.activity.YaoYueSearchActivity
ADDED from src\main\AndroidManifest.xml:102:9-105:52
	android:screenOrientation
		ADDED from src\main\AndroidManifest.xml:105:13-49
	android:launchMode
		ADDED from src\main\AndroidManifest.xml:104:13-44
	android:name
		ADDED from src\main\AndroidManifest.xml:103:13-72
activity#com.dida.first.activity.Detail_Pingou_User_Activity
ADDED from src\main\AndroidManifest.xml:106:9-109:52
	android:screenOrientation
		ADDED from src\main\AndroidManifest.xml:109:13-49
	android:launchMode
		ADDED from src\main\AndroidManifest.xml:108:13-44
	android:name
		ADDED from src\main\AndroidManifest.xml:107:13-65
activity#com.dida.first.activity.AttentionActivity
ADDED from src\main\AndroidManifest.xml:110:9-113:52
	android:screenOrientation
		ADDED from src\main\AndroidManifest.xml:113:13-49
	android:launchMode
		ADDED from src\main\AndroidManifest.xml:112:13-44
	android:name
		ADDED from src\main\AndroidManifest.xml:111:13-69
activity#com.dida.first.activity.ZoomImageActivity
ADDED from src\main\AndroidManifest.xml:114:9-117:52
	android:screenOrientation
		ADDED from src\main\AndroidManifest.xml:117:13-49
	android:launchMode
		ADDED from src\main\AndroidManifest.xml:116:13-44
	android:name
		ADDED from src\main\AndroidManifest.xml:115:13-69
activity#com.dida.first.activity.FindPsdCodeActivity
ADDED from src\main\AndroidManifest.xml:118:9-121:52
	android:screenOrientation
		ADDED from src\main\AndroidManifest.xml:121:13-49
	android:launchMode
		ADDED from src\main\AndroidManifest.xml:120:13-44
	android:name
		ADDED from src\main\AndroidManifest.xml:119:13-71
activity#com.dida.first.activity.FindPsdUpdateActivity
ADDED from src\main\AndroidManifest.xml:122:9-125:52
	android:screenOrientation
		ADDED from src\main\AndroidManifest.xml:125:13-49
	android:launchMode
		ADDED from src\main\AndroidManifest.xml:124:13-44
	android:name
		ADDED from src\main\AndroidManifest.xml:123:13-73
activity#com.dida.first.activity.Mine_ShopCar_Activity
ADDED from src\main\AndroidManifest.xml:126:9-129:52
	android:screenOrientation
		ADDED from src\main\AndroidManifest.xml:129:13-49
	android:launchMode
		ADDED from src\main\AndroidManifest.xml:128:13-44
	android:name
		ADDED from src\main\AndroidManifest.xml:127:13-73
activity#com.dida.first.activity.Mine_MyOrder_Activity
ADDED from src\main\AndroidManifest.xml:130:9-133:52
	android:screenOrientation
		ADDED from src\main\AndroidManifest.xml:133:13-49
	android:launchMode
		ADDED from src\main\AndroidManifest.xml:132:13-44
	android:name
		ADDED from src\main\AndroidManifest.xml:131:13-73
activity#com.dida.first.activity.ShaiDanSelectActivity
ADDED from src\main\AndroidManifest.xml:134:9-137:52
	android:screenOrientation
		ADDED from src\main\AndroidManifest.xml:137:13-49
	android:launchMode
		ADDED from src\main\AndroidManifest.xml:136:13-44
	android:name
		ADDED from src\main\AndroidManifest.xml:135:13-73
activity#com.dida.first.activity.Detail_Market_Activity
ADDED from src\main\AndroidManifest.xml:138:9-141:52
	android:screenOrientation
		ADDED from src\main\AndroidManifest.xml:141:13-49
	android:launchMode
		ADDED from src\main\AndroidManifest.xml:140:13-44
	android:name
		ADDED from src\main\AndroidManifest.xml:139:13-74
activity#com.dida.first.activity.MyZoomImageActivity
ADDED from src\main\AndroidManifest.xml:142:9-145:52
	android:screenOrientation
		ADDED from src\main\AndroidManifest.xml:145:13-49
	android:launchMode
		ADDED from src\main\AndroidManifest.xml:144:13-44
	android:name
		ADDED from src\main\AndroidManifest.xml:143:13-71
activity#com.dida.first.activity.Mine_Personal_Activity
ADDED from src\main\AndroidManifest.xml:146:9-149:52
	android:screenOrientation
		ADDED from src\main\AndroidManifest.xml:149:13-49
	android:launchMode
		ADDED from src\main\AndroidManifest.xml:148:13-42
	android:name
		ADDED from src\main\AndroidManifest.xml:147:13-74
activity#com.dida.first.activity.Personal_EditNick_Activity
ADDED from src\main\AndroidManifest.xml:150:9-153:52
	android:screenOrientation
		ADDED from src\main\AndroidManifest.xml:153:13-49
	android:launchMode
		ADDED from src\main\AndroidManifest.xml:152:13-42
	android:name
		ADDED from src\main\AndroidManifest.xml:151:13-78
activity#com.dida.first.activity.Personal_EditGenderk_Activity
ADDED from src\main\AndroidManifest.xml:154:9-157:52
	android:screenOrientation
		ADDED from src\main\AndroidManifest.xml:157:13-49
	android:launchMode
		ADDED from src\main\AndroidManifest.xml:156:13-42
	android:name
		ADDED from src\main\AndroidManifest.xml:155:13-81
activity#com.dida.first.activity.Personal_Address_Activity
ADDED from src\main\AndroidManifest.xml:158:9-161:52
	android:screenOrientation
		ADDED from src\main\AndroidManifest.xml:161:13-49
	android:launchMode
		ADDED from src\main\AndroidManifest.xml:160:13-42
	android:name
		ADDED from src\main\AndroidManifest.xml:159:13-77
activity#com.dida.first.activity.Detail_Address_Activity
ADDED from src\main\AndroidManifest.xml:162:9-165:52
	android:screenOrientation
		ADDED from src\main\AndroidManifest.xml:165:13-49
	android:launchMode
		ADDED from src\main\AndroidManifest.xml:164:13-42
	android:name
		ADDED from src\main\AndroidManifest.xml:163:13-75
activity#com.dida.first.activity.Personal_AddAddress_Activity
ADDED from src\main\AndroidManifest.xml:166:9-169:52
	android:screenOrientation
		ADDED from src\main\AndroidManifest.xml:169:13-49
	android:launchMode
		ADDED from src\main\AndroidManifest.xml:168:13-42
	android:name
		ADDED from src\main\AndroidManifest.xml:167:13-80
activity#com.dida.first.activity.Mine_FootPrint_Activity
ADDED from src\main\AndroidManifest.xml:170:9-173:52
	android:screenOrientation
		ADDED from src\main\AndroidManifest.xml:173:13-49
	android:launchMode
		ADDED from src\main\AndroidManifest.xml:172:13-42
	android:name
		ADDED from src\main\AndroidManifest.xml:171:13-75
activity#com.dida.first.activity.Mine_Refund_Activity
ADDED from src\main\AndroidManifest.xml:174:9-177:52
	android:screenOrientation
		ADDED from src\main\AndroidManifest.xml:177:13-49
	android:launchMode
		ADDED from src\main\AndroidManifest.xml:176:13-42
	android:name
		ADDED from src\main\AndroidManifest.xml:175:13-72
activity#com.dida.first.activity.Detail_Refund_Activity
ADDED from src\main\AndroidManifest.xml:178:9-181:52
	android:screenOrientation
		ADDED from src\main\AndroidManifest.xml:181:13-49
	android:launchMode
		ADDED from src\main\AndroidManifest.xml:180:13-42
	android:name
		ADDED from src\main\AndroidManifest.xml:179:13-74
activity#com.dida.first.activity.Mine_Setting_Activity
ADDED from src\main\AndroidManifest.xml:182:9-186:66
	android:screenOrientation
		ADDED from src\main\AndroidManifest.xml:185:13-49
	android:launchMode
		ADDED from src\main\AndroidManifest.xml:184:13-42
	android:theme
		ADDED from src\main\AndroidManifest.xml:186:13-63
	android:name
		ADDED from src\main\AndroidManifest.xml:183:13-73
activity#com.dida.first.activity.Setting_About_Activity
ADDED from src\main\AndroidManifest.xml:187:9-190:52
	android:screenOrientation
		ADDED from src\main\AndroidManifest.xml:190:13-49
	android:launchMode
		ADDED from src\main\AndroidManifest.xml:189:13-42
	android:name
		ADDED from src\main\AndroidManifest.xml:188:13-74
activity#com.dida.first.activity.Setting_Report_Activity
ADDED from src\main\AndroidManifest.xml:191:9-194:52
	android:screenOrientation
		ADDED from src\main\AndroidManifest.xml:194:13-49
	android:launchMode
		ADDED from src\main\AndroidManifest.xml:193:13-42
	android:name
		ADDED from src\main\AndroidManifest.xml:192:13-75
activity#com.dida.first.activity.ChatActivity
ADDED from src\main\AndroidManifest.xml:195:9-198:52
	android:screenOrientation
		ADDED from src\main\AndroidManifest.xml:198:13-49
	android:launchMode
		ADDED from src\main\AndroidManifest.xml:197:13-42
	android:name
		ADDED from src\main\AndroidManifest.xml:196:13-64
activity#com.dida.first.activity.Mine_FavStore_Activity
ADDED from src\main\AndroidManifest.xml:199:9-202:52
	android:screenOrientation
		ADDED from src\main\AndroidManifest.xml:202:13-49
	android:launchMode
		ADDED from src\main\AndroidManifest.xml:201:13-42
	android:name
		ADDED from src\main\AndroidManifest.xml:200:13-60
activity#com.dida.first.activity.Detail_Store_Activity
ADDED from src\main\AndroidManifest.xml:203:9-206:52
	android:screenOrientation
		ADDED from src\main\AndroidManifest.xml:206:13-49
	android:launchMode
		ADDED from src\main\AndroidManifest.xml:205:13-42
	android:name
		ADDED from src\main\AndroidManifest.xml:204:13-73
activity#com.dida.first.activity.Mine_MyPingou_Activity
ADDED from src\main\AndroidManifest.xml:207:9-210:52
	android:screenOrientation
		ADDED from src\main\AndroidManifest.xml:210:13-49
	android:launchMode
		ADDED from src\main\AndroidManifest.xml:209:13-42
	android:name
		ADDED from src\main\AndroidManifest.xml:208:13-60
activity#com.dida.first.activity.Mine_FavPingou_Activity
ADDED from src\main\AndroidManifest.xml:211:9-214:52
	android:screenOrientation
		ADDED from src\main\AndroidManifest.xml:214:13-49
	android:launchMode
		ADDED from src\main\AndroidManifest.xml:213:13-42
	android:name
		ADDED from src\main\AndroidManifest.xml:212:13-61
activity#com.dida.first.activity.Setting_Help_Activity
ADDED from src\main\AndroidManifest.xml:215:9-218:52
	android:screenOrientation
		ADDED from src\main\AndroidManifest.xml:218:13-49
	android:launchMode
		ADDED from src\main\AndroidManifest.xml:217:13-42
	android:name
		ADDED from src\main\AndroidManifest.xml:216:13-73
activity#com.dida.first.activity.Store_Activity
ADDED from src\main\AndroidManifest.xml:219:9-223:52
	android:screenOrientation
		ADDED from src\main\AndroidManifest.xml:223:13-49
	android:launchMode
		ADDED from src\main\AndroidManifest.xml:222:13-42
	android:theme
		ADDED from src\main\AndroidManifest.xml:220:13-47
	android:name
		ADDED from src\main\AndroidManifest.xml:221:13-66
activity#com.dida.first.activity.Publish_Activity
ADDED from src\main\AndroidManifest.xml:224:9-228:52
	android:screenOrientation
		ADDED from src\main\AndroidManifest.xml:228:13-49
	android:launchMode
		ADDED from src\main\AndroidManifest.xml:227:13-42
	android:theme
		ADDED from src\main\AndroidManifest.xml:225:13-47
	android:name
		ADDED from src\main\AndroidManifest.xml:226:13-68
activity#com.dida.first.activity.Publish_InvoteFriends_Activity
ADDED from src\main\AndroidManifest.xml:229:9-232:52
	android:screenOrientation
		ADDED from src\main\AndroidManifest.xml:232:13-49
	android:launchMode
		ADDED from src\main\AndroidManifest.xml:231:13-42
	android:name
		ADDED from src\main\AndroidManifest.xml:230:13-82
activity#com.dida.first.activity.Personal_Detail_Activity
ADDED from src\main\AndroidManifest.xml:233:9-236:52
	android:screenOrientation
		ADDED from src\main\AndroidManifest.xml:236:13-49
	android:launchMode
		ADDED from src\main\AndroidManifest.xml:235:13-42
	android:name
		ADDED from src\main\AndroidManifest.xml:234:13-76
activity#com.dida.first.activity.Pingou_Show_Activity
ADDED from src\main\AndroidManifest.xml:237:9-240:52
	android:screenOrientation
		ADDED from src\main\AndroidManifest.xml:240:13-49
	android:launchMode
		ADDED from src\main\AndroidManifest.xml:239:13-42
	android:name
		ADDED from src\main\AndroidManifest.xml:238:13-58
activity#com.dida.first.activity.Detail_Pingou_Store_Activity
ADDED from src\main\AndroidManifest.xml:241:9-244:52
	android:screenOrientation
		ADDED from src\main\AndroidManifest.xml:244:13-49
	android:launchMode
		ADDED from src\main\AndroidManifest.xml:243:13-42
	android:name
		ADDED from src\main\AndroidManifest.xml:242:13-80
activity#com.dida.first.activity.Detail_Pingou_Comment_Activity
ADDED from src\main\AndroidManifest.xml:245:9-249:69
	android:screenOrientation
		ADDED from src\main\AndroidManifest.xml:248:13-49
	android:launchMode
		ADDED from src\main\AndroidManifest.xml:247:13-42
	android:windowSoftInputMode
		ADDED from src\main\AndroidManifest.xml:249:13-67
	android:name
		ADDED from src\main\AndroidManifest.xml:246:13-68
activity#com.dida.first.activity.CommentPinggouActivity
ADDED from src\main\AndroidManifest.xml:250:9-254:69
	android:screenOrientation
		ADDED from src\main\AndroidManifest.xml:253:13-49
	android:launchMode
		ADDED from src\main\AndroidManifest.xml:252:13-42
	android:windowSoftInputMode
		ADDED from src\main\AndroidManifest.xml:254:13-67
	android:name
		ADDED from src\main\AndroidManifest.xml:251:13-60
activity#com.dida.first.activity.Search_Pingou_Activity
ADDED from src\main\AndroidManifest.xml:255:9-259:15
	android:screenOrientation
		ADDED from src\main\AndroidManifest.xml:258:13-49
	android:launchMode
		ADDED from src\main\AndroidManifest.xml:257:13-42
	android:name
		ADDED from src\main\AndroidManifest.xml:256:13-60
activity#com.dida.first.activity.Search_Market_Activity
ADDED from src\main\AndroidManifest.xml:260:9-264:15
	android:screenOrientation
		ADDED from src\main\AndroidManifest.xml:263:13-49
	android:launchMode
		ADDED from src\main\AndroidManifest.xml:262:13-42
	android:name
		ADDED from src\main\AndroidManifest.xml:261:13-60
activity#com.dida.first.activity.StoreListActivity
ADDED from src\main\AndroidManifest.xml:265:9-269:15
	android:screenOrientation
		ADDED from src\main\AndroidManifest.xml:268:13-49
	android:launchMode
		ADDED from src\main\AndroidManifest.xml:267:13-42
	android:name
		ADDED from src\main\AndroidManifest.xml:266:13-55
activity#com.dida.first.rongyun.ConversationListActivity
ADDED from src\main\AndroidManifest.xml:273:9-286:20
	android:screenOrientation
		ADDED from src\main\AndroidManifest.xml:275:13-49
	android:name
		ADDED from src\main\AndroidManifest.xml:274:13-75
intent-filter#android.intent.action.VIEW+android.intent.category.DEFAULT
ADDED from src\main\AndroidManifest.xml:276:13-285:29
action#android.intent.action.VIEW
ADDED from src\main\AndroidManifest.xml:277:17-69
	android:name
		ADDED from src\main\AndroidManifest.xml:277:25-66
category#android.intent.category.DEFAULT
ADDED from src\main\AndroidManifest.xml:279:17-76
	android:name
		ADDED from src\main\AndroidManifest.xml:279:27-73
data
ADDED from src\main\AndroidManifest.xml:281:17-284:45
	android:host
		ADDED from src\main\AndroidManifest.xml:282:21-50
	android:scheme
		ADDED from src\main\AndroidManifest.xml:284:21-42
	android:pathPrefix
		ADDED from src\main\AndroidManifest.xml:283:21-59
activity#com.dida.first.rongyun.ConversationActivity
ADDED from src\main\AndroidManifest.xml:289:9-304:20
	android:screenOrientation
		ADDED from src\main\AndroidManifest.xml:292:13-49
	android:launchMode
		ADDED from src\main\AndroidManifest.xml:291:13-44
	android:windowSoftInputMode
		ADDED from src\main\AndroidManifest.xml:293:13-67
	android:name
		ADDED from src\main\AndroidManifest.xml:290:13-71
activity#io.rong.voipkit.activity.CallSideActivity
ADDED from src\main\AndroidManifest.xml:305:9-318:20
	android:screenOrientation
		ADDED from src\main\AndroidManifest.xml:307:13-49
	android:name
		ADDED from src\main\AndroidManifest.xml:306:13-69
activity#io.rong.voipkit.activity.CalledSideActivity
ADDED from src\main\AndroidManifest.xml:319:9-333:20
	android:screenOrientation
		ADDED from src\main\AndroidManifest.xml:322:13-49
	android:excludeFromRecents
		ADDED from src\main\AndroidManifest.xml:321:13-46
	android:name
		ADDED from src\main\AndroidManifest.xml:320:13-71
service#io.rong.imlib.ipc.RongService
ADDED from src\main\AndroidManifest.xml:335:9-337:46
	android:process
		ADDED from src\main\AndroidManifest.xml:337:13-35
	android:name
		ADDED from src\main\AndroidManifest.xml:336:13-57
service#io.rong.imlib.ReConnectService
ADDED from src\main\AndroidManifest.xml:338:9-66
	android:name
		ADDED from src\main\AndroidManifest.xml:338:18-63
receiver#io.rong.imlib.ConnectChangeReceiver
ADDED from src\main\AndroidManifest.xml:340:9-72
	android:name
		ADDED from src\main\AndroidManifest.xml:340:19-69
receiver#io.rong.imlib.ipc.PushMessageReceiver
ADDED from src\main\AndroidManifest.xml:341:9-345:20
	android:name
		ADDED from src\main\AndroidManifest.xml:341:19-71
intent-filter#io.rong.push.message
ADDED from src\main\AndroidManifest.xml:342:13-344:29
action#io.rong.push.message
ADDED from src\main\AndroidManifest.xml:343:17-63
	android:name
		ADDED from src\main\AndroidManifest.xml:343:25-60
activity#io.rong.imkit.tools.SelectPictureActivity
ADDED from src\main\AndroidManifest.xml:347:9-349:52
	android:screenOrientation
		ADDED from src\main\AndroidManifest.xml:349:13-49
	android:name
		ADDED from src\main\AndroidManifest.xml:348:13-69